--- Copying files at Thu Feb 10 09:48:43 UTC 2022
INSTALLED plugins/ace-editor.jpi : 1.1
INSTALLED plugins/antisamy-markup-formatter.jpi : 2.7
INSTALLED plugins/apache-httpcomponents-client-4-api.jpi : 4.5.13-1.0
INSTALLED plugins/authentication-tokens.jpi : 1.4
INSTALLED plugins/blueocean-autofavorite.jpi : 1.2.4
INSTALLED plugins/blueocean-bitbucket-pipeline.jpi : 1.25.2
INSTALLED plugins/blueocean-commons.jpi : 1.25.2
INSTALLED plugins/blueocean-config.jpi : 1.25.2
INSTALLED plugins/blueocean-core-js.jpi : 1.25.2
INSTALLED plugins/blueocean-dashboard.jpi : 1.25.2
INSTALLED plugins/blueocean-display-url.jpi : 2.4.1
INSTALLED plugins/blueocean-events.jpi : 1.25.2
INSTALLED plugins/blueocean-git-pipeline.jpi : 1.25.2
INSTALLED plugins/blueocean-github-pipeline.jpi : 1.25.2
INSTALLED plugins/blueocean-i18n.jpi : 1.25.2
INSTALLED plugins/blueocean-jwt.jpi : 1.25.2
INSTALLED plugins/blueocean-personalization.jpi : 1.25.2
INSTALLED plugins/blueocean-pipeline-api-impl.jpi : 1.25.2
INSTALLED plugins/blueocean-pipeline-editor.jpi : 1.25.2
INSTALLED plugins/blueocean-pipeline-scm-api.jpi : 1.25.2
INSTALLED plugins/blueocean-rest-impl.jpi : 1.25.2
INSTALLED plugins/blueocean-rest.jpi : 1.25.2
INSTALLED plugins/blueocean-web.jpi : 1.25.2
INSTALLED plugins/blueocean.jpi : 1.25.2
INSTALLED plugins/bootstrap4-api.jpi : 4.6.0-3
INSTALLED plugins/bootstrap5-api.jpi : 5.1.3-4
INSTALLED plugins/branch-api.jpi : 2.7.0
INSTALLED plugins/caffeine-api.jpi : 2.9.2-29.v717aac953ff3
INSTALLED plugins/checks-api.jpi : 1.7.2
INSTALLED plugins/cloudbees-bitbucket-branch-source.jpi : 751.vda_24678a_f781
INSTALLED plugins/cloudbees-folder.jpi : 6.17
INSTALLED plugins/credentials-binding.jpi : 1.27.1
INSTALLED plugins/credentials.jpi : 1074.v60e6c29b_b_44b_
INSTALLED plugins/display-url-api.jpi : 2.3.5
INSTALLED plugins/durable-task.jpi : 493.v195aefbb0ff2
INSTALLED plugins/echarts-api.jpi : 5.2.2-2
INSTALLED plugins/favorite.jpi : 2.3.3
INSTALLED plugins/font-awesome-api.jpi : 5.15.4-5
INSTALLED plugins/git-client.jpi : 3.11.0
INSTALLED plugins/git-server.jpi : 1.10
INSTALLED plugins/git.jpi : 4.10.3
INSTALLED plugins/github-api.jpi : 1.301-378.v9807bd746da5
INSTALLED plugins/github-branch-source.jpi : 2.11.4
INSTALLED plugins/github.jpi : 1.34.1
INSTALLED plugins/handy-uri-templates-2-api.jpi : 2.1.8-1.0
INSTALLED plugins/htmlpublisher.jpi : 1.29
INSTALLED plugins/jackson2-api.jpi : 2.13.1-246.va8a9f3eaf46a
INSTALLED plugins/javax-activation-api.jpi : 1.2.0-2
INSTALLED plugins/javax-mail-api.jpi : 1.6.2-5
INSTALLED plugins/jenkins-design-language.jpi : 1.25.2
INSTALLED plugins/jjwt-api.jpi : 0.11.2-9.c8b45b8bb173
INSTALLED plugins/jquery3-api.jpi : 3.6.0-2
INSTALLED plugins/jsch.jpi : 0.1.55.2
INSTALLED plugins/junit.jpi : 1.54
INSTALLED plugins/mailer.jpi : 408.vd726a_1130320
INSTALLED plugins/matrix-auth.jpi : 3.0.1
INSTALLED plugins/matrix-project.jpi : 1.20
INSTALLED plugins/okhttp-api.jpi : 4.9.3-105.vb96869f8ac3a
INSTALLED plugins/pipeline-build-step.jpi : 2.15
INSTALLED plugins/pipeline-graph-analysis.jpi : 188.v3a01e7973f2c
INSTALLED plugins/pipeline-input-step.jpi : 446.vf27b_0b_83500e
INSTALLED plugins/pipeline-milestone-step.jpi : 1.3.2
INSTALLED plugins/pipeline-model-api.jpi : 1.9.3
INSTALLED plugins/pipeline-model-definition.jpi : 1.9.3
INSTALLED plugins/pipeline-model-extensions.jpi : 1.9.3
INSTALLED plugins/pipeline-stage-step.jpi : 291.vf0a8a7aeeb50
INSTALLED plugins/pipeline-stage-tags-metadata.jpi : 1.9.3
INSTALLED plugins/plain-credentials.jpi : 1.8
INSTALLED plugins/plugin-util-api.jpi : 2.13.0
INSTALLED plugins/popper-api.jpi : 1.16.1-2
INSTALLED plugins/popper2-api.jpi : 2.11.2-1
INSTALLED plugins/pubsub-light.jpi : 1.16
INSTALLED plugins/scm-api.jpi : 595.vd5a_df5eb_0e39
INSTALLED plugins/script-security.jpi : 1131.v8b_b_5eda_c328e
INSTALLED plugins/snakeyaml-api.jpi : 1.29.1
INSTALLED plugins/sse-gateway.jpi : 1.25
INSTALLED plugins/ssh-credentials.jpi : 1.19
INSTALLED plugins/sshd.jpi : 3.1.0
INSTALLED plugins/structs.jpi : 308.v852b473a2b8c
INSTALLED plugins/token-macro.jpi : 270.v8c2ce50dc4fc
INSTALLED plugins/trilead-api.jpi : 1.0.13
INSTALLED plugins/variant.jpi : 1.4
INSTALLED plugins/workflow-api.jpi : 1136.v7f5f1759dc16
INSTALLED plugins/workflow-basic-steps.jpi : 2.24
INSTALLED plugins/workflow-cps-global-lib.jpi : 552.vd9cc05b8a2e1
INSTALLED plugins/workflow-cps.jpi : 2648.va9433432b33c
INSTALLED plugins/workflow-durable-task-step.jpi : 1121.va_65b_d2701486
INSTALLED plugins/workflow-job.jpi : 1145.v7f2433caa07f
INSTALLED plugins/workflow-multibranch.jpi : 706.vd43c65dec013
INSTALLED plugins/workflow-scm-step.jpi : 2.13
INSTALLED plugins/workflow-step-api.jpi : 622.vb_8e7c15b_c95a_
INSTALLED plugins/workflow-support.jpi : 813.vb_d7c3d2984a_0
--- Copying files at Fri Feb 11 08:51:58 UTC 2022
