Started at Fri Feb 11 09:25:00 GMT 2022
Processing MonPremierJob
Offering MonPremierJob to Project Build Discarder
Processing MonPremierPipe
Offering MonPremierPipe to Project Build Discarder
Processing PipeGit
Offering PipeGit to Project Build Discarder
Processing PipelineAnsibleJenkins
Offering PipelineAnsibleJenkins to Project Build Discarder
Finished at Fri Feb 11 09:25:00 GMT 2022. 8ms
Started at Fri Feb 11 10:25:00 GMT 2022
Processing MonPremierJob
Offering MonPremierJob to Project Build Discarder
Processing MonPremierPipe
Offering MonPremierPipe to Project Build Discarder
Processing PipeGit
Offering PipeGit to Project Build Discarder
Processing PipelineAnsibleJenkins
Offering PipelineAnsibleJenkins to Project Build Discarder
Finished at Fri Feb 11 10:25:00 GMT 2022. 1ms
Started at Fri Feb 11 11:25:00 GMT 2022
Processing MonPremierJob
Offering MonPremierJob to Project Build Discarder
Processing MonPremierPipe
Offering MonPremierPipe to Project Build Discarder
Processing PipeGit
Offering PipeGit to Project Build Discarder
Processing PipelineAnsibleJenkins
Offering PipelineAnsibleJenkins to Project Build Discarder
Finished at Fri Feb 11 11:25:00 GMT 2022. 2ms
